12/03/18 22:13:09acessou o index
12/03/18 22:13:52usuario iniciou uma prediction
12/03/18 22:13:52valores:[['100' '323' '4124.4324' '0.4242' '5']]
12/03/18 22:13:52comecou a carregar o pkl
12/03/18 22:13:55terminou de carregar o pkl
12/03/18 22:13:55predicao:[340832.98427581]
12/03/18 22:13:55usuario iniciou uma prediction
12/03/18 22:13:55valores:[['100' '323' '4124.4324' '0.4242' '5']]
12/03/18 22:13:55comecou a carregar o pkl
12/03/18 22:13:55terminou de carregar o pkl
12/03/18 22:13:55predicao:[340832.98427581]
12/03/18 22:13:55acessou o index
12/03/18 22:14:00usuario iniciou uma prediction
12/03/18 22:14:00valores:[['100' '323' '4124.4324' '0.4242' '5']]
12/03/18 22:14:00comecou a carregar o pkl
12/03/18 22:14:00terminou de carregar o pkl
12/03/18 22:14:00predicao:[340832.98427581]
12/03/18 22:14:05usuario iniciou uma prediction
12/03/18 22:14:05valores:[['100' '323' '10.4324' '0.4242' '5']]
12/03/18 22:14:05comecou a carregar o pkl
12/03/18 22:14:05terminou de carregar o pkl
12/03/18 22:14:05predicao:[340832.98427581]
12/03/18 22:14:11usuario iniciou uma prediction
12/03/18 22:14:11valores:[['1' '323' '10.4324' '0.4242' '5']]
12/03/18 22:14:11comecou a carregar o pkl
12/03/18 22:14:11terminou de carregar o pkl
12/03/18 22:14:11predicao:[340832.98427581]
12/03/18 22:14:16usuario iniciou uma prediction
12/03/18 22:14:16valores:[['1' '323' '10.4324' '0.4242' '1']]
12/03/18 22:14:16comecou a carregar o pkl
12/03/18 22:14:16terminou de carregar o pkl
12/03/18 22:14:17predicao:[340832.98427581]
12/03/18 22:16:22usuario iniciou uma prediction
12/03/18 22:16:22valores:[['1' '323' '10.4324' '0.4242' '1']]
12/03/18 22:16:22comecou a carregar o pkl
12/03/18 22:16:22terminou de carregar o pkl
12/03/18 22:16:22predicao:[340832.98427581]
12/03/18 22:16:30acessou o index
12/03/18 22:16:53acessou o index
12/03/18 22:17:32acessou o index
12/03/18 22:17:35acessou o index
12/03/18 22:17:36acessou o index
12/03/18 22:17:41usuario iniciou uma prediction
12/03/18 22:17:41valores:[['1' '323' '10.4324' '0.4242' '1']]
12/03/18 22:17:41comecou a carregar o pkl
12/03/18 22:17:41terminou de carregar o pkl
12/03/18 22:17:41predicao:[340832.98427581]
12/03/18 22:17:46usuario iniciou uma prediction
12/03/18 22:17:46valores:[['1' '323' '10.4324' '0.4242' '1']]
12/03/18 22:17:46comecou a carregar o pkl
12/03/18 22:17:46terminou de carregar o pkl
12/03/18 22:17:46predicao:[340832.98427581]
12/03/18 22:17:56usuario iniciou uma prediction
12/03/18 22:17:56valores:[['1' '323' '10.4324' '0.4242' '1']]
12/03/18 22:17:56comecou a carregar o pkl
12/03/18 22:17:56terminou de carregar o pkl
12/03/18 22:17:56predicao:[340832.98427581]
12/03/18 22:19:59usuario iniciou uma prediction
12/03/18 22:19:59valores:[['12444' '2008' '8' '0' '2008']]
12/03/18 22:19:59comecou a carregar o pkl
12/03/18 22:19:59terminou de carregar o pkl
12/03/18 22:19:59predicao:[322296.0955118]
